-------------------------------------------------------------------------------
Test set: Thêm cấu hình danh mục liên quan
-------------------------------------------------------------------------------
Tests run: 22, Failures: 1, Errors: 0, Skipped: 0, Time elapsed: 1,135.204 s <<< FAILURE! - in Thêm cấu hình danh mục liên quan
03_[QL Cấu hình danh mục - Thêm] Kiểm tra chức năng autocomplete thành công(Thêm cấu hình danh mục liên quan)  Time elapsed: 103.109 s  <<< FAILURE!
java.lang.AssertionError

