-------------------------------------------------------------------------------
Test set: Tìm kiếm danh mục cấu hình liên quan
-------------------------------------------------------------------------------
Tests run: 21, Failures: 1, Errors: 0, Skipped: 0, Time elapsed: 1,691.856 s <<< FAILURE! - in Tìm kiếm danh mục cấu hình liên quan
02_[QL Cấu hình danh mục - Tìm kiếm] Kiểm tra autocomplete thành công(Tìm kiếm danh mục cấu hình liên quan)  Time elapsed: 97.676 s  <<< FAILURE!
java.lang.AssertionError

