<?xml version="1.0" encoding="UTF-8"?><testsuite errors="1" failures="0" name="Thêm cấu hình danh mục liên quan" skipped="0" tests="1" time="4.13" timestamp="2021-03-05 11:18:44"><testcase name="01_[QL Cấu hình danh mục - Thêm] Kiểm tra Thêm cấu hình thành công"><error message="no such window: target window already closed&#10;from unknown error: web view not found&#10;  (Session info: chrome=85.0.4183.102)&#10;Build info: version: '3.141.59', revision: 'e82be7d358', time: '2018-11-14T08:17:03'&#10;System info: host: 'MV962s-MacBook-Pro.local', ip: 'fe80:0:0:0:18fb:9099:40e:e2a4%en0', os.name: 'Mac OS X', os.arch: 'x86_64', os.version: '10.15.5', java.version: '1.8.0_201'&#10;Driver info: org.openqa.selenium.chrome.ChromeDriver&#10;Capabilities {acceptInsecureCerts: false, browserName: chrome, browserVersion: 85.0.4183.102, chrome: {chromedriverVersion: 85.0.4183.87 (cd6713ebf92fa..., userDataDir: /var/folders/p2/v7pjrp5x0q7...}, goog:chromeOptions: {debuggerAddress: localhost:51321}, javascriptEnabled: true, networkConnectionEnabled: false, pageLoadStrategy: normal, platform: MAC, platformName: MAC, proxy: Proxy(), setWindowRect: true, strictFileInteractability: false, timeouts: {implicit: 0, pageLoad: 300000, script: 30000}, unhandledPromptBehavior: dismiss and notify, webauthn:virtualAuthenticators: true}&#10;Session ID: ccab01fa9e4191a9e1161610ef96266a&#10;*** Element info: {Using=xpath, value=//input[@id='submit']}&#10;Build info: version: '3.141.59', revision: 'e82be7d358', time: '2018-11-14T08:17:03'&#10;System info: host: 'MV962s-MacBook-Pro.local', ip: 'fe80:0:0:0:18fb:9099:40e:e2a4%en0', os.name: 'Mac OS X', os.arch: 'x86_64', os.version: '10.15.5', java.version: '1.8.0_201'&#10;Driver info: driver.version: unknown" type="org.openqa.selenium.NoSuchWindowException">no such window: target window already closed
from unknown error: web view not found
  (Session info: chrome=85.0.4183.102)
Build info: version: '3.141.59', revision: 'e82be7d358', time: '2018-11-14T08:17:03'
System info: host: 'MV962s-MacBook-Pro.local', ip: 'fe80:0:0:0:18fb:9099:40e:e2a4%en0', os.name: 'Mac OS X', os.arch: 'x86_64', os.version: '10.15.5', java.version: '1.8.0_201'
Driver info: org.openqa.selenium.chrome.ChromeDriver
Capabilities {acceptInsecureCerts: false, browserName: chrome, browserVersion: 85.0.4183.102, chrome: {chromedriverVersion: 85.0.4183.87 (cd6713ebf92fa..., userDataDir: /var/folders/p2/v7pjrp5x0q7...}, goog:chromeOptions: {debuggerAddress: localhost:51321}, javascriptEnabled: true, networkConnectionEnabled: false, pageLoadStrategy: normal, platform: MAC, platformName: MAC, proxy: Proxy(), setWindowRect: true, strictFileInteractability: false, timeouts: {implicit: 0, pageLoad: 300000, script: 30000}, unhandledPromptBehavior: dismiss and notify, webauthn:virtualAuthenticators: true}
Session ID: ccab01fa9e4191a9e1161610ef96266a
*** Element info: {Using=xpath, value=//input[@id='submit']}
Build info: version: '3.141.59', revision: 'e82be7d358', time: '2018-11-14T08:17:03'
System info: host: 'MV962s-MacBook-Pro.local', ip: 'fe80:0:0:0:18fb:9099:40e:e2a4%en0', os.name: 'Mac OS X', os.arch: 'x86_64', os.version: '10.15.5', java.version: '1.8.0_201'
Driver info: driver.version: unknown</error><system-err>no such window: target window already closed
from unknown error: web view not found
  (Session info: chrome=85.0.4183.102)
Build info: version: '3.141.59', revision: 'e82be7d358', time: '2018-11-14T08:17:03'
System info: host: 'MV962s-MacBook-Pro.local', ip: 'fe80:0:0:0:18fb:9099:40e:e2a4%en0', os.name: 'Mac OS X', os.arch: 'x86_64', os.version: '10.15.5', java.version: '1.8.0_201'
Driver info: org.openqa.selenium.chrome.ChromeDriver
Capabilities {acceptInsecureCerts: false, browserName: chrome, browserVersion: 85.0.4183.102, chrome: {chromedriverVersion: 85.0.4183.87 (cd6713ebf92fa..., userDataDir: /var/folders/p2/v7pjrp5x0q7...}, goog:chromeOptions: {debuggerAddress: localhost:51321}, javascriptEnabled: true, networkConnectionEnabled: false, pageLoadStrategy: normal, platform: MAC, platformName: MAC, proxy: Proxy(), setWindowRect: true, strictFileInteractability: false, timeouts: {implicit: 0, pageLoad: 300000, script: 30000}, unhandledPromptBehavior: dismiss and notify, webauthn:virtualAuthenticators: true}
Session ID: ccab01fa9e4191a9e1161610ef96266a
*** Element info: {Using=xpath, value=//input[@id='submit']}
Build info: version: '3.141.59', revision: 'e82be7d358', time: '2018-11-14T08:17:03'
System info: host: 'MV962s-MacBook-Pro.local', ip: 'fe80:0:0:0:18fb:9099:40e:e2a4%en0', os.name: 'Mac OS X', os.arch: 'x86_64', os.version: '10.15.5', java.version: '1.8.0_201'
Driver info: driver.version: unknown
common.CommonUI.highlightElement(CommonUI.java:44)
globalRecruitment.pageObjects.F_01_Login_PageObject.verifyLoginPageDisplayed(F_01_Login_PageObject.java:13)
globalRecruitment.StepDefinitions.F_01_Login_PageDefinitions.dangnhap_kim_tra_trang_ng_nhp_m_thnh_cng_vi_button_login_c_hin_th(F_01_Login_PageDefinitions.java:31)
✽.DangNhap: kiểm tra trang Đăng nhập mở thành công với button Login được hiển thị(file:src/test/java/globalRecruitment/Features/02_ConfigCategory_Add.feature:6)
</system-err></testcase></testsuite>